<?xml version="1.0" encoding="UTF-8"?>
<!-- Generated by org.testng.reporters.JUnitXMLReporter -->
<testsuite ignored="0" hostname="S2053L" failures="0" tests="1" name="Test2" time="0.1" errors="0" timestamp="2023-09-15T17:50:31 IST">
  <testcase classname="com.qe.project.testcases.Sign_InTest" name="@BeforeSuite setUp" time="4.44">
    <failure type="org.openqa.selenium.SessionNotCreatedException" message="session not created: This version of ChromeDriver only supports Chrome version 114
Current browser version is 116.0.5845.188 with binary path C:\Program Files\Google\Chrome\Application\chrome.exe
Build info: version: &amp;apos;3.141.59&amp;apos;, revision: &amp;apos;e82be7d358&amp;apos;, time: &amp;apos;2018-11-14T08:25:53&amp;apos;
System info: host: &amp;apos;S2053L&amp;apos;, ip: &amp;apos;192.168.150.206&amp;apos;, os.name: &amp;apos;Windows 10&amp;apos;, os.arch: &amp;apos;amd64&amp;apos;, os.version: &amp;apos;10.0&amp;apos;, java.version: &amp;apos;11.0.15.1&amp;apos;
Driver info: driver.version: ChromeDriver
remote stacktrace: Backtrace:
	GetHandleVerifier [0x00CBA813+48355]
	(No symbol) [0x00C4C4B1]
	(No symbol) [0x00B55358]
	(No symbol) [0x00B761AC]
	(No symbol) [0x00B71EF3]
	(No symbol) [0x00B70579]
	(No symbol) [0x00BA0C55]
	(No symbol) [0x00BA093C]
	(No symbol) [0x00B9A536]
	(No symbol) [0x00B782DC]
	(No symbol) [0x00B793DD]
	GetHandleVerifier [0x00F1AABD+2539405]
	GetHandleVerifier [0x00F5A78F+2800735]
	GetHandleVerifier [0x00F5456C+2775612]
	GetHandleVerifier [0x00D451E0+616112]
	(No symbol) [0x00C55F8C]
	(No symbol) [0x00C52328]
	(No symbol) [0x00C5240B]
	(No symbol) [0x00C44FF7]
	BaseThreadInitThunk [0x751800C9+25]
	RtlGetAppContainerNamedObjectPath [0x77197B4E+286]
	RtlGetAppContainerNamedObjectPath [0x77197B1E+238]
">
      <![CDATA[org.openqa.selenium.SessionNotCreatedException: session not created: This version of ChromeDriver only supports Chrome version 114
Current browser version is 116.0.5845.188 with binary path C:\Program Files\Google\Chrome\Application\chrome.exe
Build info: version: '3.141.59', revision: 'e82be7d358', time: '2018-11-14T08:25:53'
System info: host: 'S2053L', ip: '192.168.150.206', os.name: 'Windows 10', os.arch: 'amd64', os.version: '10.0', java.version: '11.0.15.1'
Driver info: driver.version: ChromeDriver
remote stacktrace: Backtrace:
GetHandleVerifier [0x00CBA813+48355]
(No symbol) [0x00C4C4B1]
(No symbol) [0x00B55358]
(No symbol) [0x00B761AC]
(No symbol) [0x00B71EF3]
(No symbol) [0x00B70579]
(No symbol) [0x00BA0C55]
(No symbol) [0x00BA093C]
(No symbol) [0x00B9A536]
(No symbol) [0x00B782DC]
(No symbol) [0x00B793DD]
GetHandleVerifier [0x00F1AABD+2539405]
GetHandleVerifier [0x00F5A78F+2800735]
GetHandleVerifier [0x00F5456C+2775612]
GetHandleVerifier [0x00D451E0+616112]
(No symbol) [0x00C55F8C]
(No symbol) [0x00C52328]
(No symbol) [0x00C5240B]
(No symbol) [0x00C44FF7]
BaseThreadInitThunk [0x751800C9+25]
RtlGetAppContainerNamedObjectPath [0x77197B4E+286]
RtlGetAppContainerNamedObjectPath [0x77197B1E+238]

at org.openqa.selenium.remote.W3CHandshakeResponse.lambda$errorHandler$0(W3CHandshakeResponse.java:62)
at org.openqa.selenium.remote.HandshakeResponse.lambda$getResponseFunction$0(HandshakeResponse.java:30)
at org.openqa.selenium.remote.ProtocolHandshake.lambda$createSession$0(ProtocolHandshake.java:126)
at java.base/java.util.stream.ReferencePipeline$3$1.accept(ReferencePipeline.java:195)
at java.base/java.util.Spliterators$ArraySpliterator.tryAdvance(Spliterators.java:958)
at java.base/java.util.stream.ReferencePipeline.forEachWithCancel(ReferencePipeline.java:127)
at java.base/java.util.stream.AbstractPipeline.copyIntoWithCancel(AbstractPipeline.java:502)
at java.base/java.util.stream.AbstractPipeline.copyInto(AbstractPipeline.java:488)
at java.base/java.util.stream.AbstractPipeline.wrapAndCopyInto(AbstractPipeline.java:474)
at java.base/java.util.stream.FindOps$FindOp.evaluateSequential(FindOps.java:150)
at java.base/java.util.stream.AbstractPipeline.evaluate(AbstractPipeline.java:234)
at java.base/java.util.stream.ReferencePipeline.findFirst(ReferencePipeline.java:543)
at org.openqa.selenium.remote.ProtocolHandshake.createSession(ProtocolHandshake.java:128)
at org.openqa.selenium.remote.ProtocolHandshake.createSession(ProtocolHandshake.java:74)
at org.openqa.selenium.remote.HttpCommandExecutor.execute(HttpCommandExecutor.java:136)
at org.openqa.selenium.remote.service.DriverCommandExecutor.execute(DriverCommandExecutor.java:83)
at org.openqa.selenium.remote.RemoteWebDriver.execute(RemoteWebDriver.java:552)
at org.openqa.selenium.remote.RemoteWebDriver.startSession(RemoteWebDriver.java:213)
at org.openqa.selenium.remote.RemoteWebDriver.<init>(RemoteWebDriver.java:131)
at org.openqa.selenium.chrome.ChromeDriver.<init>(ChromeDriver.java:181)
at org.openqa.selenium.chrome.ChromeDriver.<init>(ChromeDriver.java:168)
at org.openqa.selenium.chrome.ChromeDriver.<init>(ChromeDriver.java:123)
at com.qe.project.base.TestBase.initialization(TestBase.java:54)
at com.qe.project.testcases.Sign_InTest.setUp(Sign_InTest.java:20)
... Removed 23 stack frames]]>
    </failure>
  </testcase> <!-- @BeforeSuite setUp -->
  <testcase classname="com.qe.project.testcases.Sign_InTest" name="@BeforeTest SignIn" time="-1.694780430946E9">
    <skipped/>
  </testcase> <!-- @BeforeTest SignIn -->
  <testcase classname="com.qe.project.testcases.Sign_InTest" name="loginTest" time="0.0">
    <skipped/>
  </testcase> <!-- loginTest -->
</testsuite> <!-- Test2 -->
